{
  "RSpec": {
    "coverage": {
      "/Users/aleneschlereth/turing/4mod/assessments/final/app/helpers/application_helper.rb": [
        1,
        null,
        1,
        11,
        4,
        null,
        7,
        null,
        null,
        null,
        null
      ],
      "/Users/aleneschlereth/turing/4mod/assessments/final/app/models/read.rb": [
        1,
        1,
        null
      ],
      "/Users/aleneschlereth/turing/4mod/assessments/final/app/models/user.rb": [
        1,
        1,
        1,
        null,
        1,
        null,
        1,
        1,
        null
      ],
      "/Users/aleneschlereth/turing/4mod/assessments/final/app/controllers/application_controller.rb": [
        1,
        null,
        null,
        1,
        null,
        1,
        null,
        1,
        22,
        null,
        null,
        null
      ],
      "/Users/aleneschlereth/turing/4mod/assessments/final/app/controllers/links_controller.rb": [
        1,
        1,
        14,
        13,
        13,
        null,
        1,
        null,
        null,
        null,
        1,
        4,
        null,
        null,
        1,
        3,
        3,
        1,
        null,
        2,
        2,
        null,
        null,
        null,
        1,
        1,
        3,
        null,
        null
      ],
      "/Users/aleneschlereth/turing/4mod/assessments/final/app/models/link.rb": [
        1,
        1,
        null,
        1,
        1,
        1,
        null,
        1,
        null,
        null,
        null,
        null,
        13,
        null,
        null
      ],
      "/Users/aleneschlereth/turing/4mod/assessments/final/app/controllers/api/v1/links_controller.rb": [
        1,
        null,
        1,
        3,
        3,
        1,
        null,
        2,
        null,
        null,
        null,
        1,
        2,
        2,
        1,
        1,
        1,
        1,
        1,
        1,
        1,
        null,
        0,
        null,
        null,
        1,
        1,
        1,
        null,
        0,
        null,
        null,
        null,
        null,
        1,
        null,
        1,
        5,
        null,
        null
      ],
      "/Users/aleneschlereth/turing/4mod/assessments/final/app/services/hot_reads_service.rb": [
        1,
        null,
        1,
        5,
        5,
        5,
        5,
        null,
        null,
        null,
        1,
        2,
        2,
        2,
        2,
        null,
        null,
        1,
        2,
        2,
        2,
        null,
        null,
        1,
        3,
        22,
        null,
        null,
        null,
        1,
        3,
        7,
        5,
        null,
        2,
        null,
        null,
        null,
        null,
        1,
        3,
        3,
        null,
        null,
        null
      ],
      "/Users/aleneschlereth/turing/4mod/assessments/final/app/controllers/users_controller.rb": [
        1,
        1,
        7,
        null,
        null,
        1,
        4,
        4,
        1,
        1,
        1,
        null,
        3,
        3,
        null,
        null,
        null,
        1,
        4,
        null,
        null
      ],
      "/Users/aleneschlereth/turing/4mod/assessments/final/app/controllers/sessions_controller.rb": [
        1,
        1,
        null,
        null,
        null,
        1,
        4,
        4,
        1,
        1,
        1,
        null,
        3,
        3,
        null,
        null,
        null,
        1,
        1,
        1,
        1,
        null,
        null
      ]
    },
    "timestamp": 1488251719
  }
}
